Analysis & Synthesis report for Projeto3
Wed Jun 26 20:08:38 2024
Quartus II 64-Bit Version 13.0.1 Build 232 06/12/2013 Service Pack 1 SJ Web Edition


---------------------
; Table of Contents ;
---------------------
  1. Legal Notice
  2. Analysis & Synthesis Summary
  3. Analysis & Synthesis Settings
  4. Parallel Compilation
  5. Analysis & Synthesis Source Files Read
  6. Analysis & Synthesis Resource Usage Summary
  7. Analysis & Synthesis Resource Utilization by Entity
  8. State Machine - |SAD_demoB|LCD_DISPLAY_nty:LCDe|next_command
  9. State Machine - |SAD_demoB|LCD_DISPLAY_nty:LCDe|state
 10. State Machine - |SAD_demoB|SAD:sade|Controller:CTRL|stateReg
 11. Registers Removed During Synthesis
 12. General Register Statistics
 13. Inverted Register Statistics
 14. Multiplexer Restructuring Statistics (Restructuring Performed)
 15. Parameter Settings for User Entity Instance: SAD:sade
 16. Parameter Settings for User Entity Instance: SAD:sade|Datapath:DP
 17. Parameter Settings for User Entity Instance: SAD:sade|Datapath:DP|Comparator:Comparator_inst
 18. Parameter Settings for User Entity Instance: SAD:sade|RegisterFile:A_RF
 19. Parameter Settings for User Entity Instance: SAD:sade|RegisterFile:B_RF
 20. Parameter Settings for Inferred Entity Instance: BCD:BCDe|lpm_divide:Div0
 21. Parameter Settings for Inferred Entity Instance: BCD:BCDe|lpm_divide:Div1
 22. Parameter Settings for Inferred Entity Instance: BCD:BCDe|lpm_mult:Mult0
 23. lpm_mult Parameter Settings by Entity Instance
 24. Port Connectivity Checks: "LCD_DISPLAY_nty:LCDe"
 25. Port Connectivity Checks: "SAD:sade|RegisterFile:B_RF"
 26. Port Connectivity Checks: "SAD:sade|RegisterFile:A_RF"
 27. Port Connectivity Checks: "SAD:sade|Controller:CTRL"
 28. Port Connectivity Checks: "SAD:sade"
 29. Elapsed Time Per Partition
 30. Analysis & Synthesis Messages



----------------
; Legal Notice ;
----------------
Copyright (C) 1991-2013 Altera Corporation
Your use of Altera Corporation's design tools, logic functions 
and other software and tools, and its AMPP partner logic 
functions, and any output files from any of the foregoing 
(including device programming or simulation files), and any 
associated documentation or information are expressly subject 
to the terms and conditions of the Altera Program License 
Subscription Agreement, Altera MegaCore Function License 
Agreement, or other applicable license agreement, including, 
without limitation, that your use is for the sole purpose of 
programming logic devices manufactured by Altera and sold by 
Altera or its authorized distributors.  Please refer to the 
applicable agreement for further details.



+--------------------------------------------------------------------------------------+
; Analysis & Synthesis Summary                                                         ;
+------------------------------------+-------------------------------------------------+
; Analysis & Synthesis Status        ; Successful - Wed Jun 26 20:08:38 2024           ;
; Quartus II 64-Bit Version          ; 13.0.1 Build 232 06/12/2013 SP 1 SJ Web Edition ;
; Revision Name                      ; Projeto3                                        ;
; Top-level Entity Name              ; SAD_demoB                                       ;
; Family                             ; Cyclone II                                      ;
; Total logic elements               ; 402                                             ;
;     Total combinational functions  ; 399                                             ;
;     Dedicated logic registers      ; 97                                              ;
; Total registers                    ; 97                                              ;
; Total pins                         ; 41                                              ;
; Total virtual pins                 ; 0                                               ;
; Total memory bits                  ; 0                                               ;
; Embedded Multiplier 9-bit elements ; 0                                               ;
; Total PLLs                         ; 0                                               ;
+------------------------------------+-------------------------------------------------+


+----------------------------------------------------------------------------------------------------------------------+
; Analysis & Synthesis Settings                                                                                        ;
+----------------------------------------------------------------------------+--------------------+--------------------+
; Option                                                                     ; Setting            ; Default Value      ;
+----------------------------------------------------------------------------+--------------------+--------------------+
; Device                                                                     ; EP2C35F672C6       ;                    ;
; Top-level entity name                                                      ; SAD_demoB          ; Projeto3           ;
; Family name                                                                ; Cyclone II         ; Cyclone IV GX      ;
; Infer RAMs from Raw Logic                                                  ; Off                ; On                 ;
; Optimization Technique                                                     ; Speed              ; Balanced           ;
; Allow Any RAM Size For Recognition                                         ; On                 ; Off                ;
; Use smart compilation                                                      ; Off                ; Off                ;
; Enable parallel Assembler and TimeQuest Timing Analyzer during compilation ; On                 ; On                 ;
; Enable compact report table                                                ; Off                ; Off                ;
; Restructure Multiplexers                                                   ; Auto               ; Auto               ;
; Create Debugging Nodes for IP Cores                                        ; Off                ; Off                ;
; Preserve fewer node names                                                  ; On                 ; On                 ;
; Disable OpenCore Plus hardware evaluation                                  ; Off                ; Off                ;
; Verilog Version                                                            ; Verilog_2001       ; Verilog_2001       ;
; VHDL Version                                                               ; VHDL_1993          ; VHDL_1993          ;
; State Machine Processing                                                   ; Auto               ; Auto               ;
; Safe State Machine                                                         ; Off                ; Off                ;
; Extract Verilog State Machines                                             ; On                 ; On                 ;
; Extract VHDL State Machines                                                ; On                 ; On                 ;
; Ignore Verilog initial constructs                                          ; Off                ; Off                ;
; Iteration limit for constant Verilog loops                                 ; 5000               ; 5000               ;
; Iteration limit for non-constant Verilog loops                             ; 250                ; 250                ;
; Add Pass-Through Logic to Inferred RAMs                                    ; On                 ; On                 ;
; Parallel Synthesis                                                         ; On                 ; On                 ;
; DSP Block Balancing                                                        ; Auto               ; Auto               ;
; NOT Gate Push-Back                                                         ; On                 ; On                 ;
; Power-Up Don't Care                                                        ; On                 ; On                 ;
; Remove Redundant Logic Cells                                               ; Off                ; Off                ;
; Remove Duplicate Registers                                                 ; On                 ; On                 ;
; Ignore CARRY Buffers                                                       ; Off                ; Off                ;
; Ignore CASCADE Buffers                                                     ; Off                ; Off                ;
; Ignore GLOBAL Buffers                                                      ; Off                ; Off                ;
; Ignore ROW GLOBAL Buffers                                                  ; Off                ; Off                ;
; Ignore LCELL Buffers                                                       ; Off                ; Off                ;
; Ignore SOFT Buffers                                                        ; On                 ; On                 ;
; Limit AHDL Integers to 32 Bits                                             ; Off                ; Off                ;
; Carry Chain Length                                                         ; 70                 ; 70                 ;
; Auto Carry Chains                                                          ; On                 ; On                 ;
; Auto Open-Drain Pins                                                       ; On                 ; On                 ;
; Perform WYSIWYG Primitive Resynthesis                                      ; Off                ; Off                ;
; Auto ROM Replacement                                                       ; On                 ; On                 ;
; Auto RAM Replacement                                                       ; On                 ; On                 ;
; Auto Shift Register Replacement                                            ; Auto               ; Auto               ;
; Allow Shift Register Merging across Hierarchies                            ; Auto               ; Auto               ;
; Auto Clock Enable Replacement                                              ; On                 ; On                 ;
; Strict RAM Replacement                                                     ; Off                ; Off                ;
; Allow Synchronous Control Signals                                          ; On                 ; On                 ;
; Force Use of Synchronous Clear Signals                                     ; Off                ; Off                ;
; Auto RAM to Logic Cell Conversion                                          ; Off                ; Off                ;
; Auto Resource Sharing                                                      ; Off                ; Off                ;
; Allow Any ROM Size For Recognition                                         ; Off                ; Off                ;
; Allow Any Shift Register Size For Recognition                              ; Off                ; Off                ;
; Use LogicLock Constraints during Resource Balancing                        ; On                 ; On                 ;
; Ignore translate_off and synthesis_off directives                          ; Off                ; Off                ;
; Timing-Driven Synthesis                                                    ; Off                ; Off                ;
; Report Parameter Settings                                                  ; On                 ; On                 ;
; Report Source Assignments                                                  ; On                 ; On                 ;
; Report Connectivity Checks                                                 ; On                 ; On                 ;
; Ignore Maximum Fan-Out Assignments                                         ; Off                ; Off                ;
; Synchronization Register Chain Length                                      ; 2                  ; 2                  ;
; PowerPlay Power Optimization                                               ; Normal compilation ; Normal compilation ;
; HDL message level                                                          ; Level2             ; Level2             ;
; Suppress Register Optimization Related Messages                            ; Off                ; Off                ;
; Number of Removed Registers Reported in Synthesis Report                   ; 5000               ; 5000               ;
; Number of Swept Nodes Reported in Synthesis Report                         ; 5000               ; 5000               ;
; Number of Inverted Registers Reported in Synthesis Report                  ; 100                ; 100                ;
; Clock MUX Protection                                                       ; On                 ; On                 ;
; Auto Gated Clock Conversion                                                ; Off                ; Off                ;
; Block Design Naming                                                        ; Auto               ; Auto               ;
; SDC constraint protection                                                  ; Off                ; Off                ;
; Synthesis Effort                                                           ; Auto               ; Auto               ;
; Shift Register Replacement - Allow Asynchronous Clear Signal               ; On                 ; On                 ;
; Pre-Mapping Resynthesis Optimization                                       ; Off                ; Off                ;
; Analysis & Synthesis Message Level                                         ; Medium             ; Medium             ;
; Disable Register Merging Across Hierarchies                                ; Auto               ; Auto               ;
; Resource Aware Inference For Block RAM                                     ; On                 ; On                 ;
; Synthesis Seed                                                             ; 1                  ; 1                  ;
+----------------------------------------------------------------------------+--------------------+--------------------+


Parallel compilation was disabled, but you have multiple processors available. Enable parallel compilation to reduce compilation time.
+-------------------------------------+
; Parallel Compilation                ;
+----------------------------+--------+
; Processors                 ; Number ;
+----------------------------+--------+
; Number detected on machine ; 12     ;
; Maximum allowed            ; 1      ;
+----------------------------+--------+


+---------------------------------------------------------------------------------------------------------------------------------------------------------------------+
; Analysis & Synthesis Source Files Read                                                                                                                              ;
+----------------------------------+-----------------+------------------------------+-----------------------------------------------------------------------+---------+
; File Name with User-Entered Path ; Used in Netlist ; File Type                    ; File Name with Absolute Path                                          ; Library ;
+----------------------------------+-----------------+------------------------------+-----------------------------------------------------------------------+---------+
; Extra/LCD_DISPLAY_nty.vhd        ; yes             ; User VHDL File               ; C:/Users/mvbir/Documentos/SD/Projeto3/Extra/LCD_DISPLAY_nty.vhd       ;         ;
; Componentes/Subtractor.vhd       ; yes             ; User VHDL File               ; C:/Users/mvbir/Documentos/SD/Projeto3/Componentes/Subtractor.vhd      ;         ;
; Componentes/RegisterFile.vhd     ; yes             ; User VHDL File               ; C:/Users/mvbir/Documentos/SD/Projeto3/Componentes/RegisterFile.vhd    ;         ;
; Componentes/IndexRegister.vhd    ; yes             ; User VHDL File               ; C:/Users/mvbir/Documentos/SD/Projeto3/Componentes/IndexRegister.vhd   ;         ;
; Componentes/DataRegister.vhd     ; yes             ; User VHDL File               ; C:/Users/mvbir/Documentos/SD/Projeto3/Componentes/DataRegister.vhd    ;         ;
; Componentes/Datapath.vhd         ; yes             ; User VHDL File               ; C:/Users/mvbir/Documentos/SD/Projeto3/Componentes/Datapath.vhd        ;         ;
; Componentes/CustomAdder.vhd      ; yes             ; User VHDL File               ; C:/Users/mvbir/Documentos/SD/Projeto3/Componentes/CustomAdder.vhd     ;         ;
; Componentes/Comparator.vhd       ; yes             ; User VHDL File               ; C:/Users/mvbir/Documentos/SD/Projeto3/Componentes/Comparator.vhd      ;         ;
; Componentes/Absl.vhd             ; yes             ; User VHDL File               ; C:/Users/mvbir/Documentos/SD/Projeto3/Componentes/Absl.vhd            ;         ;
; Controller/Controller.vhd        ; yes             ; User VHDL File               ; C:/Users/mvbir/Documentos/SD/Projeto3/Controller/Controller.vhd       ;         ;
; SAD.vhd                          ; yes             ; User VHDL File               ; C:/Users/mvbir/Documentos/SD/Projeto3/SAD.vhd                         ;         ;
; Extra/BCD.vhd                    ; yes             ; User VHDL File               ; C:/Users/mvbir/Documentos/SD/Projeto3/Extra/BCD.vhd                   ;         ;
; Extra/decod7seg.vhd              ; yes             ; User VHDL File               ; C:/Users/mvbir/Documentos/SD/Projeto3/Extra/decod7seg.vhd             ;         ;
; Extra/SAD_demoB.vhd              ; yes             ; User VHDL File               ; C:/Users/mvbir/Documentos/SD/Projeto3/Extra/SAD_demoB.vhd             ;         ;
; lpm_divide.tdf                   ; yes             ; Megafunction                 ; c:/altera/13.0sp1/quartus/libraries/megafunctions/lpm_divide.tdf      ;         ;
; abs_divider.inc                  ; yes             ; Megafunction                 ; c:/altera/13.0sp1/quartus/libraries/megafunctions/abs_divider.inc     ;         ;
; sign_div_unsign.inc              ; yes             ; Megafunction                 ; c:/altera/13.0sp1/quartus/libraries/megafunctions/sign_div_unsign.inc ;         ;
; aglobal130.inc                   ; yes             ; Megafunction                 ; c:/altera/13.0sp1/quartus/libraries/megafunctions/aglobal130.inc      ;         ;
; db/lpm_divide_dem.tdf            ; yes             ; Auto-Generated Megafunction  ; C:/Users/mvbir/Documentos/SD/Projeto3/db/lpm_divide_dem.tdf           ;         ;
; db/sign_div_unsign_nlh.tdf       ; yes             ; Auto-Generated Megafunction  ; C:/Users/mvbir/Documentos/SD/Projeto3/db/sign_div_unsign_nlh.tdf      ;         ;
; db/alt_u_div_g2f.tdf             ; yes             ; Auto-Generated Megafunction  ; C:/Users/mvbir/Documentos/SD/Projeto3/db/alt_u_div_g2f.tdf            ;         ;
; db/add_sub_lkc.tdf               ; yes             ; Auto-Generated Megafunction  ; C:/Users/mvbir/Documentos/SD/Projeto3/db/add_sub_lkc.tdf              ;         ;
; db/add_sub_mkc.tdf               ; yes             ; Auto-Generated Megafunction  ; C:/Users/mvbir/Documentos/SD/Projeto3/db/add_sub_mkc.tdf              ;         ;
; db/lpm_divide_6so.tdf            ; yes             ; Auto-Generated Megafunction  ; C:/Users/mvbir/Documentos/SD/Projeto3/db/lpm_divide_6so.tdf           ;         ;
; db/abs_divider_jbg.tdf           ; yes             ; Auto-Generated Megafunction  ; C:/Users/mvbir/Documentos/SD/Projeto3/db/abs_divider_jbg.tdf          ;         ;
; db/alt_u_div_i2f.tdf             ; yes             ; Auto-Generated Megafunction  ; C:/Users/mvbir/Documentos/SD/Projeto3/db/alt_u_div_i2f.tdf            ;         ;
; db/lpm_abs_gq9.tdf               ; yes             ; Auto-Generated Megafunction  ; C:/Users/mvbir/Documentos/SD/Projeto3/db/lpm_abs_gq9.tdf              ;         ;
; db/lpm_abs_vr9.tdf               ; yes             ; Auto-Generated Megafunction  ; C:/Users/mvbir/Documentos/SD/Projeto3/db/lpm_abs_vr9.tdf              ;         ;
; lpm_mult.tdf                     ; yes             ; Megafunction                 ; c:/altera/13.0sp1/quartus/libraries/megafunctions/lpm_mult.tdf        ;         ;
; lpm_add_sub.inc                  ; yes             ; Megafunction                 ; c:/altera/13.0sp1/quartus/libraries/megafunctions/lpm_add_sub.inc     ;         ;
; multcore.inc                     ; yes             ; Megafunction                 ; c:/altera/13.0sp1/quartus/libraries/megafunctions/multcore.inc        ;         ;
; bypassff.inc                     ; yes             ; Megafunction                 ; c:/altera/13.0sp1/quartus/libraries/megafunctions/bypassff.inc        ;         ;
; altshift.inc                     ; yes             ; Megafunction                 ; c:/altera/13.0sp1/quartus/libraries/megafunctions/altshift.inc        ;         ;
; multcore.tdf                     ; yes             ; Megafunction                 ; c:/altera/13.0sp1/quartus/libraries/megafunctions/multcore.tdf        ;         ;
; csa_add.inc                      ; yes             ; Megafunction                 ; c:/altera/13.0sp1/quartus/libraries/megafunctions/csa_add.inc         ;         ;
; mpar_add.inc                     ; yes             ; Megafunction                 ; c:/altera/13.0sp1/quartus/libraries/megafunctions/mpar_add.inc        ;         ;
; muleabz.inc                      ; yes             ; Megafunction                 ; c:/altera/13.0sp1/quartus/libraries/megafunctions/muleabz.inc         ;         ;
; mul_lfrg.inc                     ; yes             ; Megafunction                 ; c:/altera/13.0sp1/quartus/libraries/megafunctions/mul_lfrg.inc        ;         ;
; mul_boothc.inc                   ; yes             ; Megafunction                 ; c:/altera/13.0sp1/quartus/libraries/megafunctions/mul_boothc.inc      ;         ;
; alt_ded_mult.inc                 ; yes             ; Megafunction                 ; c:/altera/13.0sp1/quartus/libraries/megafunctions/alt_ded_mult.inc    ;         ;
; alt_ded_mult_y.inc               ; yes             ; Megafunction                 ; c:/altera/13.0sp1/quartus/libraries/megafunctions/alt_ded_mult_y.inc  ;         ;
; dffpipe.inc                      ; yes             ; Megafunction                 ; c:/altera/13.0sp1/quartus/libraries/megafunctions/dffpipe.inc         ;         ;
; mpar_add.tdf                     ; yes             ; Megafunction                 ; c:/altera/13.0sp1/quartus/libraries/megafunctions/mpar_add.tdf        ;         ;
; altshift.tdf                     ; yes             ; Megafunction                 ; c:/altera/13.0sp1/quartus/libraries/megafunctions/altshift.tdf        ;         ;
+----------------------------------+-----------------+------------------------------+-----------------------------------------------------------------------+---------+


+-----------------------------------------------------+
; Analysis & Synthesis Resource Usage Summary         ;
+---------------------------------------------+-------+
; Resource                                    ; Usage ;
+---------------------------------------------+-------+
; Estimated Total logic elements              ; 402   ;
;                                             ;       ;
; Total combinational functions               ; 399   ;
; Logic element usage by number of LUT inputs ;       ;
;     -- 4 input functions                    ; 112   ;
;     -- 3 input functions                    ; 100   ;
;     -- <=2 input functions                  ; 187   ;
;                                             ;       ;
; Logic elements by mode                      ;       ;
;     -- normal mode                          ; 274   ;
;     -- arithmetic mode                      ; 125   ;
;                                             ;       ;
; Total registers                             ; 97    ;
;     -- Dedicated logic registers            ; 97    ;
;     -- I/O registers                        ; 0     ;
;                                             ;       ;
; I/O pins                                    ; 41    ;
; Embedded Multiplier 9-bit elements          ; 0     ;
; Maximum fan-out node                        ; clk50 ;
; Maximum fan-out                             ; 62    ;
; Total fan-out                               ; 1469  ;
; Average fan-out                             ; 2.74  ;
+---------------------------------------------+-------+


+---------------------------------------------------------------------------------------------------------------------------------------------------------------------------------------------------------------------------------------------------------------------------------------------------+
; Analysis & Synthesis Resource Utilization by Entity                                                                                                                                                                                                                                               ;
+--------------------------------------------------+-------------------+--------------+-------------+--------------+---------+-----------+------+--------------+---------------------------------------------------------------------------------------------------------------------+--------------+
; Compilation Hierarchy Node                       ; LC Combinationals ; LC Registers ; Memory Bits ; DSP Elements ; DSP 9x9 ; DSP 18x18 ; Pins ; Virtual Pins ; Full Hierarchy Name                                                                                                 ; Library Name ;
+--------------------------------------------------+-------------------+--------------+-------------+--------------+---------+-----------+------+--------------+---------------------------------------------------------------------------------------------------------------------+--------------+
; |SAD_demoB                                       ; 399 (0)           ; 97 (0)       ; 0           ; 0            ; 0       ; 0         ; 41   ; 0            ; |SAD_demoB                                                                                                          ; work         ;
;    |BCD:BCDe|                                    ; 241 (17)          ; 0 (0)        ; 0           ; 0            ; 0       ; 0         ; 0    ; 0            ; |SAD_demoB|BCD:BCDe                                                                                                 ; work         ;
;       |lpm_divide:Div0|                          ; 66 (0)            ; 0 (0)        ; 0           ; 0            ; 0       ; 0         ; 0    ; 0            ; |SAD_demoB|BCD:BCDe|lpm_divide:Div0                                                                                 ; work         ;
;          |lpm_divide_dem:auto_generated|         ; 66 (0)            ; 0 (0)        ; 0           ; 0            ; 0       ; 0         ; 0    ; 0            ; |SAD_demoB|BCD:BCDe|lpm_divide:Div0|lpm_divide_dem:auto_generated                                                   ; work         ;
;             |sign_div_unsign_nlh:divider|        ; 66 (0)            ; 0 (0)        ; 0           ; 0            ; 0       ; 0         ; 0    ; 0            ; |SAD_demoB|BCD:BCDe|lpm_divide:Div0|lpm_divide_dem:auto_generated|sign_div_unsign_nlh:divider                       ; work         ;
;                |alt_u_div_g2f:divider|           ; 66 (66)           ; 0 (0)        ; 0           ; 0            ; 0       ; 0         ; 0    ; 0            ; |SAD_demoB|BCD:BCDe|lpm_divide:Div0|lpm_divide_dem:auto_generated|sign_div_unsign_nlh:divider|alt_u_div_g2f:divider ; work         ;
;       |lpm_divide:Div1|                          ; 152 (0)           ; 0 (0)        ; 0           ; 0            ; 0       ; 0         ; 0    ; 0            ; |SAD_demoB|BCD:BCDe|lpm_divide:Div1                                                                                 ; work         ;
;          |lpm_divide_6so:auto_generated|         ; 152 (0)           ; 0 (0)        ; 0           ; 0            ; 0       ; 0         ; 0    ; 0            ; |SAD_demoB|BCD:BCDe|lpm_divide:Div1|lpm_divide_6so:auto_generated                                                   ; work         ;
;             |abs_divider_jbg:divider|            ; 152 (8)           ; 0 (0)        ; 0           ; 0            ; 0       ; 0         ; 0    ; 0            ; |SAD_demoB|BCD:BCDe|lpm_divide:Div1|lpm_divide_6so:auto_generated|abs_divider_jbg:divider                           ; work         ;
;                |alt_u_div_i2f:divider|           ; 132 (132)         ; 0 (0)        ; 0           ; 0            ; 0       ; 0         ; 0    ; 0            ; |SAD_demoB|BCD:BCDe|lpm_divide:Div1|lpm_divide_6so:auto_generated|abs_divider_jbg:divider|alt_u_div_i2f:divider     ; work         ;
;                |lpm_abs_vr9:my_abs_num|          ; 12 (12)           ; 0 (0)        ; 0           ; 0            ; 0       ; 0         ; 0    ; 0            ; |SAD_demoB|BCD:BCDe|lpm_divide:Div1|lpm_divide_6so:auto_generated|abs_divider_jbg:divider|lpm_abs_vr9:my_abs_num    ; work         ;
;       |lpm_mult:Mult0|                           ; 6 (0)             ; 0 (0)        ; 0           ; 0            ; 0       ; 0         ; 0    ; 0            ; |SAD_demoB|BCD:BCDe|lpm_mult:Mult0                                                                                  ; work         ;
;          |multcore:mult_core|                    ; 6 (6)             ; 0 (0)        ; 0           ; 0            ; 0       ; 0         ; 0    ; 0            ; |SAD_demoB|BCD:BCDe|lpm_mult:Mult0|multcore:mult_core                                                               ; work         ;
;    |LCD_DISPLAY_nty:LCDe|                        ; 94 (94)           ; 62 (62)      ; 0           ; 0            ; 0       ; 0         ; 0    ; 0            ; |SAD_demoB|LCD_DISPLAY_nty:LCDe                                                                                     ; work         ;
;    |SAD:sade|                                    ; 43 (0)            ; 35 (0)       ; 0           ; 0            ; 0       ; 0         ; 0    ; 0            ; |SAD_demoB|SAD:sade                                                                                                 ; work         ;
;       |Controller:CTRL|                          ; 9 (9)             ; 6 (6)        ; 0           ; 0            ; 0       ; 0         ; 0    ; 0            ; |SAD_demoB|SAD:sade|Controller:CTRL                                                                                 ; work         ;
;       |Datapath:DP|                              ; 34 (0)            ; 29 (0)       ; 0           ; 0            ; 0       ; 0         ; 0    ; 0            ; |SAD_demoB|SAD:sade|Datapath:DP                                                                                     ; work         ;
;          |Absl:Abs_inst|                         ; 3 (3)             ; 0 (0)        ; 0           ; 0            ; 0       ; 0         ; 0    ; 0            ; |SAD_demoB|SAD:sade|Datapath:DP|Absl:Abs_inst                                                                       ; work         ;
;          |Comparator:Comparator_inst|            ; 1 (1)             ; 0 (0)        ; 0           ; 0            ; 0       ; 0         ; 0    ; 0            ; |SAD_demoB|SAD:sade|Datapath:DP|Comparator:Comparator_inst                                                          ; work         ;
;          |DataRegister:CustomAdderRegister_inst| ; 11 (11)           ; 10 (10)      ; 0           ; 0            ; 0       ; 0         ; 0    ; 0            ; |SAD_demoB|SAD:sade|Datapath:DP|DataRegister:CustomAdderRegister_inst                                               ; work         ;
;          |DataRegister:SadRegister_inst|         ; 10 (10)           ; 10 (10)      ; 0           ; 0            ; 0       ; 0         ; 0    ; 0            ; |SAD_demoB|SAD:sade|Datapath:DP|DataRegister:SadRegister_inst                                                       ; work         ;
;          |IndexRegister:IndexRegister_inst|      ; 9 (9)             ; 9 (9)        ; 0           ; 0            ; 0       ; 0         ; 0    ; 0            ; |SAD_demoB|SAD:sade|Datapath:DP|IndexRegister:IndexRegister_inst                                                    ; work         ;
;    |decod7seg:c7s|                               ; 7 (7)             ; 0 (0)        ; 0           ; 0            ; 0       ; 0         ; 0    ; 0            ; |SAD_demoB|decod7seg:c7s                                                                                            ; work         ;
;    |decod7seg:d7s|                               ; 7 (7)             ; 0 (0)        ; 0           ; 0            ; 0       ; 0         ; 0    ; 0            ; |SAD_demoB|decod7seg:d7s                                                                                            ; work         ;
;    |decod7seg:u7s|                               ; 7 (7)             ; 0 (0)        ; 0           ; 0            ; 0       ; 0         ; 0    ; 0            ; |SAD_demoB|decod7seg:u7s                                                                                            ; work         ;
+--------------------------------------------------+-------------------+--------------+-------------+--------------+---------+-----------+------+--------------+---------------------------------------------------------------------------------------------------------------------+--------------+
Note: For table entries with two numbers listed, the numbers in parentheses indicate the number of resources of the given type used by the specific entity alone. The numbers listed outside of parentheses indicate the total resources of the given type used by the specific entity and all of its sub-entities in the hierarchy.


Encoding Type:  One-Hot
+--------------------------------------------------------------------------------------------------------------------------------------------------------------------------------------------------------------------------------------------------------------------------------------------------------------------------------------+
; State Machine - |SAD_demoB|LCD_DISPLAY_nty:LCDe|next_command                                                                                                                                                                                                                                                                         ;
+----------------------------+----------------------------+--------------------------+---------------------+-----------------------+---------------------+-------------------------+--------------------------+--------------------+---------------------------+-----------------------+-------------------------+---------------------+
; Name                       ; next_command.display_clear ; next_command.display_off ; next_command.reset3 ; next_command.func_set ; next_command.reset1 ; next_command.drop_lcd_e ; next_command.return_home ; next_command.line2 ; next_command.print_string ; next_command.mode_set ; next_command.display_on ; next_command.reset2 ;
+----------------------------+----------------------------+--------------------------+---------------------+-----------------------+---------------------+-------------------------+--------------------------+--------------------+---------------------------+-----------------------+-------------------------+---------------------+
; next_command.reset2        ; 0                          ; 0                        ; 0                   ; 0                     ; 0                   ; 0                       ; 0                        ; 0                  ; 0                         ; 0                     ; 0                       ; 0                   ;
; next_command.display_on    ; 0                          ; 0                        ; 0                   ; 0                     ; 0                   ; 0                       ; 0                        ; 0                  ; 0                         ; 0                     ; 1                       ; 1                   ;
; next_command.mode_set      ; 0                          ; 0                        ; 0                   ; 0                     ; 0                   ; 0                       ; 0                        ; 0                  ; 0                         ; 1                     ; 0                       ; 1                   ;
; next_command.print_string  ; 0                          ; 0                        ; 0                   ; 0                     ; 0                   ; 0                       ; 0                        ; 0                  ; 1                         ; 0                     ; 0                       ; 1                   ;
; next_command.line2         ; 0                          ; 0                        ; 0                   ; 0                     ; 0                   ; 0                       ; 0                        ; 1                  ; 0                         ; 0                     ; 0                       ; 1                   ;
; next_command.return_home   ; 0                          ; 0                        ; 0                   ; 0                     ; 0                   ; 0                       ; 1                        ; 0                  ; 0                         ; 0                     ; 0                       ; 1                   ;
; next_command.drop_lcd_e    ; 0                          ; 0                        ; 0                   ; 0                     ; 0                   ; 1                       ; 0                        ; 0                  ; 0                         ; 0                     ; 0                       ; 1                   ;
; next_command.reset1        ; 0                          ; 0                        ; 0                   ; 0                     ; 1                   ; 0                       ; 0                        ; 0                  ; 0                         ; 0                     ; 0                       ; 1                   ;
; next_command.func_set      ; 0                          ; 0                        ; 0                   ; 1                     ; 0                   ; 0                       ; 0                        ; 0                  ; 0                         ; 0                     ; 0                       ; 1                   ;
; next_command.reset3        ; 0                          ; 0                        ; 1                   ; 0                     ; 0                   ; 0                       ; 0                        ; 0                  ; 0                         ; 0                     ; 0                       ; 1                   ;
; next_command.display_off   ; 0                          ; 1                        ; 0                   ; 0                     ; 0                   ; 0                       ; 0                        ; 0                  ; 0                         ; 0                     ; 0                       ; 1                   ;
; next_command.display_clear ; 1                          ; 0                        ; 0                   ; 0                     ; 0                   ; 0                       ; 0                        ; 0                  ; 0                         ; 0                     ; 0                       ; 1                   ;
+----------------------------+----------------------------+--------------------------+---------------------+-----------------------+---------------------+-------------------------+--------------------------+--------------------+---------------------------+-----------------------+-------------------------+---------------------+


Encoding Type:  One-Hot
+-------------------------------------------------------------------------------------------------------------------------------------------------------------------------------------------------------------------------------------------+
; State Machine - |SAD_demoB|LCD_DISPLAY_nty:LCDe|state                                                                                                                                                                                     ;
+---------------------+---------------------+-------------------+--------------+--------------+----------------+------------------+-------------------+-------------+--------------------+----------------+------------------+--------------+
; Name                ; state.display_clear ; state.display_off ; state.reset3 ; state.reset2 ; state.func_set ; state.drop_lcd_e ; state.return_home ; state.line2 ; state.print_string ; state.mode_set ; state.display_on ; state.reset1 ;
+---------------------+---------------------+-------------------+--------------+--------------+----------------+------------------+-------------------+-------------+--------------------+----------------+------------------+--------------+
; state.reset1        ; 0                   ; 0                 ; 0            ; 0            ; 0              ; 0                ; 0                 ; 0           ; 0                  ; 0              ; 0                ; 0            ;
; state.display_on    ; 0                   ; 0                 ; 0            ; 0            ; 0              ; 0                ; 0                 ; 0           ; 0                  ; 0              ; 1                ; 1            ;
; state.mode_set      ; 0                   ; 0                 ; 0            ; 0            ; 0              ; 0                ; 0                 ; 0           ; 0                  ; 1              ; 0                ; 1            ;
; state.print_string  ; 0                   ; 0                 ; 0            ; 0            ; 0              ; 0                ; 0                 ; 0           ; 1                  ; 0              ; 0                ; 1            ;
; state.line2         ; 0                   ; 0                 ; 0            ; 0            ; 0              ; 0                ; 0                 ; 1           ; 0                  ; 0              ; 0                ; 1            ;
; state.return_home   ; 0                   ; 0                 ; 0            ; 0            ; 0              ; 0                ; 1                 ; 0           ; 0                  ; 0              ; 0                ; 1            ;
; state.drop_lcd_e    ; 0                   ; 0                 ; 0            ; 0            ; 0              ; 1                ; 0                 ; 0           ; 0                  ; 0              ; 0                ; 1            ;
; state.func_set      ; 0                   ; 0                 ; 0            ; 0            ; 1              ; 0                ; 0                 ; 0           ; 0                  ; 0              ; 0                ; 1            ;
; state.reset2        ; 0                   ; 0                 ; 0            ; 1            ; 0              ; 0                ; 0                 ; 0           ; 0                  ; 0              ; 0                ; 1            ;
; state.reset3        ; 0                   ; 0                 ; 1            ; 0            ; 0              ; 0                ; 0                 ; 0           ; 0                  ; 0              ; 0                ; 1            ;
; state.display_off   ; 0                   ; 1                 ; 0            ; 0            ; 0              ; 0                ; 0                 ; 0           ; 0                  ; 0              ; 0                ; 1            ;
; state.display_clear ; 1                   ; 0                 ; 0            ; 0            ; 0              ; 0                ; 0                 ; 0           ; 0                  ; 0              ; 0                ; 1            ;
+---------------------+---------------------+-------------------+--------------+--------------+----------------+------------------+-------------------+-------------+--------------------+----------------+------------------+--------------+


Encoding Type:  One-Hot
+---------------------------------------------------------------------------------------------------+
; State Machine - |SAD_demoB|SAD:sade|Controller:CTRL|stateReg                                      ;
+--------------+-------------+-------------+-------------+-------------+-------------+--------------+
; Name         ; stateReg.S0 ; stateReg.S4 ; stateReg.S3 ; stateReg.S2 ; stateReg.S1 ; stateReg.RST ;
+--------------+-------------+-------------+-------------+-------------+-------------+--------------+
; stateReg.RST ; 0           ; 0           ; 0           ; 0           ; 0           ; 0            ;
; stateReg.S1  ; 0           ; 0           ; 0           ; 0           ; 1           ; 1            ;
; stateReg.S2  ; 0           ; 0           ; 0           ; 1           ; 0           ; 1            ;
; stateReg.S3  ; 0           ; 0           ; 1           ; 0           ; 0           ; 1            ;
; stateReg.S4  ; 0           ; 1           ; 0           ; 0           ; 0           ; 1            ;
; stateReg.S0  ; 1           ; 0           ; 0           ; 0           ; 0           ; 1            ;
+--------------+-------------+-------------+-------------+-------------+-------------+--------------+


+----------------------------------------------------------------------------------------------------------------------------------------+
; Registers Removed During Synthesis                                                                                                     ;
+-----------------------------------------------------------------------------+----------------------------------------------------------+
; Register name                                                               ; Reason for Removal                                       ;
+-----------------------------------------------------------------------------+----------------------------------------------------------+
; LCD_DISPLAY_nty:LCDe|lcd_on                                                 ; Stuck at VCC due to stuck port data_in                   ;
; LCD_DISPLAY_nty:LCDe|lcd_rw_int                                             ; Stuck at GND due to stuck port data_in                   ;
; LCD_DISPLAY_nty:LCDe|lcd_blon                                               ; Stuck at VCC due to stuck port data_in                   ;
; LCD_DISPLAY_nty:LCDe|next_command.reset1                                    ; Merged with LCD_DISPLAY_nty:LCDe|next_command.drop_lcd_e ;
; LCD_DISPLAY_nty:LCDe|next_command.drop_lcd_e                                ; Stuck at GND due to stuck port data_in                   ;
; SAD:sade|Datapath:DP|IndexRegister:IndexRegister_inst|Creg[9]               ; Lost fanout                                              ;
; SAD:sade|Datapath:DP|DataRegister:CustomAdderRegister_inst|data_out[10..31] ; Lost fanout                                              ;
; Total Number of Removed Registers = 28                                      ;                                                          ;
+-----------------------------------------------------------------------------+----------------------------------------------------------+


+------------------------------------------------------+
; General Register Statistics                          ;
+----------------------------------------------+-------+
; Statistic                                    ; Value ;
+----------------------------------------------+-------+
; Total registers                              ; 97    ;
; Number of registers using Synchronous Clear  ; 34    ;
; Number of registers using Synchronous Load   ; 5     ;
; Number of registers using Asynchronous Clear ; 47    ;
; Number of registers using Asynchronous Load  ; 0     ;
; Number of registers using Clock Enable       ; 65    ;
; Number of registers using Preset             ; 0     ;
+----------------------------------------------+-------+


+--------------------------------------------------+
; Inverted Register Statistics                     ;
+----------------------------------------+---------+
; Inverted Register                      ; Fan out ;
+----------------------------------------+---------+
; LCD_DISPLAY_nty:LCDe|lcd_e             ; 1       ;
; LCD_DISPLAY_nty:LCDe|data_bus_value[3] ; 2       ;
; LCD_DISPLAY_nty:LCDe|data_bus_value[4] ; 1       ;
; LCD_DISPLAY_nty:LCDe|data_bus_value[5] ; 1       ;
; Total number of inverted registers = 4 ;         ;
+----------------------------------------+---------+


+--------------------------------------------------------------------------------------------------------------------------------------------------------------------------------------------------+
; Multiplexer Restructuring Statistics (Restructuring Performed)                                                                                                                                   ;
+--------------------+-----------+---------------+----------------------+------------------------+------------+------------------------------------------------------------------------------------+
; Multiplexer Inputs ; Bus Width ; Baseline Area ; Area if Restructured ; Saving if Restructured ; Registered ; Example Multiplexer Output                                                         ;
+--------------------+-----------+---------------+----------------------+------------------------+------------+------------------------------------------------------------------------------------+
; 3:1                ; 32 bits   ; 64 LEs        ; 32 LEs               ; 32 LEs                 ; Yes        ; |SAD_demoB|SAD:sade|Datapath:DP|DataRegister:CustomAdderRegister_inst|data_out[30] ;
; 3:1                ; 10 bits   ; 20 LEs        ; 10 LEs               ; 10 LEs                 ; Yes        ; |SAD_demoB|SAD:sade|Datapath:DP|DataRegister:SadRegister_inst|data_out[4]          ;
; 3:1                ; 24 bits   ; 48 LEs        ; 24 LEs               ; 24 LEs                 ; Yes        ; |SAD_demoB|LCD_DISPLAY_nty:LCDe|clk_count_400hz[15]                                ;
; 4:1                ; 2 bits    ; 4 LEs         ; 4 LEs                ; 0 LEs                  ; Yes        ; |SAD_demoB|LCD_DISPLAY_nty:LCDe|data_bus_value[5]                                  ;
; 3:1                ; 11 bits   ; 22 LEs        ; 22 LEs               ; 0 LEs                  ; No         ; |SAD_demoB|LCD_DISPLAY_nty:LCDe|state                                              ;
+--------------------+-----------+---------------+----------------------+------------------------+------------+------------------------------------------------------------------------------------+


+-------------------------------------------------------+
; Parameter Settings for User Entity Instance: SAD:sade ;
+----------------+-------+------------------------------+
; Parameter Name ; Value ; Type                         ;
+----------------+-------+------------------------------+
; A_mode         ; 1     ; Signed Integer               ;
; B_mode         ; 2     ; Signed Integer               ;
; cmp_target     ; 8     ; Signed Integer               ;
+----------------+-------+------------------------------+
Note: In order to hide this table in the UI and the text report file, please set the "Show Parameter Settings in Synthesis Report" option in "Analysis and Synthesis Settings -> More Settings" to "Off".


+-------------------------------------------------------------------+
; Parameter Settings for User Entity Instance: SAD:sade|Datapath:DP ;
+----------------+-------+------------------------------------------+
; Parameter Name ; Value ; Type                                     ;
+----------------+-------+------------------------------------------+
; cmp_target     ; 8     ; Signed Integer                           ;
+----------------+-------+------------------------------------------+
Note: In order to hide this table in the UI and the text report file, please set the "Show Parameter Settings in Synthesis Report" option in "Analysis and Synthesis Settings -> More Settings" to "Off".


+----------------------------------------------------------------------------------------------+
; Parameter Settings for User Entity Instance: SAD:sade|Datapath:DP|Comparator:Comparator_inst ;
+----------------+-------+---------------------------------------------------------------------+
; Parameter Name ; Value ; Type                                                                ;
+----------------+-------+---------------------------------------------------------------------+
; cmp_target     ; 8     ; Signed Integer                                                      ;
+----------------+-------+---------------------------------------------------------------------+
Note: In order to hide this table in the UI and the text report file, please set the "Show Parameter Settings in Synthesis Report" option in "Analysis and Synthesis Settings -> More Settings" to "Off".


+-------------------------------------------------------------------------+
; Parameter Settings for User Entity Instance: SAD:sade|RegisterFile:A_RF ;
+----------------+-------+------------------------------------------------+
; Parameter Name ; Value ; Type                                           ;
+----------------+-------+------------------------------------------------+
; mode           ; 1     ; Signed Integer                                 ;
+----------------+-------+------------------------------------------------+
Note: In order to hide this table in the UI and the text report file, please set the "Show Parameter Settings in Synthesis Report" option in "Analysis and Synthesis Settings -> More Settings" to "Off".


+-------------------------------------------------------------------------+
; Parameter Settings for User Entity Instance: SAD:sade|RegisterFile:B_RF ;
+----------------+-------+------------------------------------------------+
; Parameter Name ; Value ; Type                                           ;
+----------------+-------+------------------------------------------------+
; mode           ; 2     ; Signed Integer                                 ;
+----------------+-------+------------------------------------------------+
Note: In order to hide this table in the UI and the text report file, please set the "Show Parameter Settings in Synthesis Report" option in "Analysis and Synthesis Settings -> More Settings" to "Off".


+---------------------------------------------------------------------------+
; Parameter Settings for Inferred Entity Instance: BCD:BCDe|lpm_divide:Div0 ;
+------------------------+----------------+---------------------------------+
; Parameter Name         ; Value          ; Type                            ;
+------------------------+----------------+---------------------------------+
; LPM_WIDTHN             ; 10             ; Untyped                         ;
; LPM_WIDTHD             ; 7              ; Untyped                         ;
; LPM_NREPRESENTATION    ; UNSIGNED       ; Untyped                         ;
; LPM_DREPRESENTATION    ; UNSIGNED       ; Untyped                         ;
; LPM_PIPELINE           ; 0              ; Untyped                         ;
; LPM_REMAINDERPOSITIVE  ; TRUE           ; Untyped                         ;
; MAXIMIZE_SPEED         ; 5              ; Untyped                         ;
; CBXI_PARAMETER         ; lpm_divide_dem ; Untyped                         ;
; CARRY_CHAIN            ; MANUAL         ; Untyped                         ;
; OPTIMIZE_FOR_SPEED     ; 5              ; Untyped                         ;
; AUTO_CARRY_CHAINS      ; ON             ; AUTO_CARRY                      ;
; IGNORE_CARRY_BUFFERS   ; OFF            ; IGNORE_CARRY                    ;
; AUTO_CASCADE_CHAINS    ; ON             ; AUTO_CASCADE                    ;
; IGNORE_CASCADE_BUFFERS ; OFF            ; IGNORE_CASCADE                  ;
+------------------------+----------------+---------------------------------+
Note: In order to hide this table in the UI and the text report file, please set the "Show Parameter Settings in Synthesis Report" option in "Analysis and Synthesis Settings -> More Settings" to "Off".


+---------------------------------------------------------------------------+
; Parameter Settings for Inferred Entity Instance: BCD:BCDe|lpm_divide:Div1 ;
+------------------------+----------------+---------------------------------+
; Parameter Name         ; Value          ; Type                            ;
+------------------------+----------------+---------------------------------+
; LPM_WIDTHN             ; 13             ; Untyped                         ;
; LPM_WIDTHD             ; 5              ; Untyped                         ;
; LPM_NREPRESENTATION    ; SIGNED         ; Untyped                         ;
; LPM_DREPRESENTATION    ; SIGNED         ; Untyped                         ;
; LPM_PIPELINE           ; 0              ; Untyped                         ;
; LPM_REMAINDERPOSITIVE  ; FALSE          ; Untyped                         ;
; MAXIMIZE_SPEED         ; 5              ; Untyped                         ;
; CBXI_PARAMETER         ; lpm_divide_6so ; Untyped                         ;
; CARRY_CHAIN            ; MANUAL         ; Untyped                         ;
; OPTIMIZE_FOR_SPEED     ; 5              ; Untyped                         ;
; AUTO_CARRY_CHAINS      ; ON             ; AUTO_CARRY                      ;
; IGNORE_CARRY_BUFFERS   ; OFF            ; IGNORE_CARRY                    ;
; AUTO_CASCADE_CHAINS    ; ON             ; AUTO_CASCADE                    ;
; IGNORE_CASCADE_BUFFERS ; OFF            ; IGNORE_CASCADE                  ;
+------------------------+----------------+---------------------------------+
Note: In order to hide this table in the UI and the text report file, please set the "Show Parameter Settings in Synthesis Report" option in "Analysis and Synthesis Settings -> More Settings" to "Off".


+-----------------------------------------------------------------------------------+
; Parameter Settings for Inferred Entity Instance: BCD:BCDe|lpm_mult:Mult0          ;
+------------------------------------------------+------------+---------------------+
; Parameter Name                                 ; Value      ; Type                ;
+------------------------------------------------+------------+---------------------+
; AUTO_CARRY_CHAINS                              ; ON         ; AUTO_CARRY          ;
; IGNORE_CARRY_BUFFERS                           ; OFF        ; IGNORE_CARRY        ;
; AUTO_CASCADE_CHAINS                            ; ON         ; AUTO_CASCADE        ;
; IGNORE_CASCADE_BUFFERS                         ; OFF        ; IGNORE_CASCADE      ;
; LPM_WIDTHA                                     ; 7          ; Untyped             ;
; LPM_WIDTHB                                     ; 4          ; Untyped             ;
; LPM_WIDTHP                                     ; 11         ; Untyped             ;
; LPM_WIDTHR                                     ; 11         ; Untyped             ;
; LPM_WIDTHS                                     ; 1          ; Untyped             ;
; LPM_REPRESENTATION                             ; UNSIGNED   ; Untyped             ;
; LPM_PIPELINE                                   ; 0          ; Untyped             ;
; LATENCY                                        ; 0          ; Untyped             ;
; INPUT_A_IS_CONSTANT                            ; YES        ; Untyped             ;
; INPUT_B_IS_CONSTANT                            ; NO         ; Untyped             ;
; USE_EAB                                        ; OFF        ; Untyped             ;
; MAXIMIZE_SPEED                                 ; 5          ; Untyped             ;
; DEVICE_FAMILY                                  ; Cyclone II ; Untyped             ;
; CARRY_CHAIN                                    ; MANUAL     ; Untyped             ;
; APEX20K_TECHNOLOGY_MAPPER                      ; LUT        ; TECH_MAPPER_APEX20K ;
; DEDICATED_MULTIPLIER_CIRCUITRY                 ; AUTO       ; Untyped             ;
; DEDICATED_MULTIPLIER_MIN_INPUT_WIDTH_FOR_AUTO  ; 0          ; Untyped             ;
; DEDICATED_MULTIPLIER_MIN_OUTPUT_WIDTH_FOR_AUTO ; 0          ; Untyped             ;
; CBXI_PARAMETER                                 ; NOTHING    ; Untyped             ;
; INPUT_A_FIXED_VALUE                            ; Bx         ; Untyped             ;
; INPUT_B_FIXED_VALUE                            ; Bx         ; Untyped             ;
; USE_AHDL_IMPLEMENTATION                        ; OFF        ; Untyped             ;
+------------------------------------------------+------------+---------------------+
Note: In order to hide this table in the UI and the text report file, please set the "Show Parameter Settings in Synthesis Report" option in "Analysis and Synthesis Settings -> More Settings" to "Off".


+-----------------------------------------------------------------+
; lpm_mult Parameter Settings by Entity Instance                  ;
+---------------------------------------+-------------------------+
; Name                                  ; Value                   ;
+---------------------------------------+-------------------------+
; Number of entity instances            ; 1                       ;
; Entity Instance                       ; BCD:BCDe|lpm_mult:Mult0 ;
;     -- LPM_WIDTHA                     ; 7                       ;
;     -- LPM_WIDTHB                     ; 4                       ;
;     -- LPM_WIDTHP                     ; 11                      ;
;     -- LPM_REPRESENTATION             ; UNSIGNED                ;
;     -- INPUT_A_IS_CONSTANT            ; YES                     ;
;     -- INPUT_B_IS_CONSTANT            ; NO                      ;
;     -- USE_EAB                        ; OFF                     ;
;     -- DEDICATED_MULTIPLIER_CIRCUITRY ; AUTO                    ;
;     -- INPUT_A_FIXED_VALUE            ; Bx                      ;
;     -- INPUT_B_FIXED_VALUE            ; Bx                      ;
+---------------------------------------+-------------------------+


+----------------------------------------------------+
; Port Connectivity Checks: "LCD_DISPLAY_nty:LCDe"   ;
+------------------+-------+----------+--------------+
; Port             ; Type  ; Severity ; Details      ;
+------------------+-------+----------+--------------+
; lcd_char_array_0 ; Input ; Info     ; Stuck at GND ;
+------------------+-------+----------+--------------+


+--------------------------------------------------------+
; Port Connectivity Checks: "SAD:sade|RegisterFile:B_RF" ;
+---------+-------+----------+---------------------------+
; Port    ; Type  ; Severity ; Details                   ;
+---------+-------+----------+---------------------------+
; wr_en   ; Input ; Info     ; Stuck at GND              ;
; wr_addr ; Input ; Info     ; Stuck at GND              ;
; data_in ; Input ; Info     ; Stuck at GND              ;
+---------+-------+----------+---------------------------+


+--------------------------------------------------------+
; Port Connectivity Checks: "SAD:sade|RegisterFile:A_RF" ;
+---------+-------+----------+---------------------------+
; Port    ; Type  ; Severity ; Details                   ;
+---------+-------+----------+---------------------------+
; wr_en   ; Input ; Info     ; Stuck at GND              ;
; wr_addr ; Input ; Info     ; Stuck at GND              ;
; data_in ; Input ; Info     ; Stuck at GND              ;
+---------+-------+----------+---------------------------+


+-----------------------------------------------------------------------------------------------------------------+
; Port Connectivity Checks: "SAD:sade|Controller:CTRL"                                                            ;
+-------+--------+----------+-------------------------------------------------------------------------------------+
; Port  ; Type   ; Severity ; Details                                                                             ;
+-------+--------+----------+-------------------------------------------------------------------------------------+
; ab_rd ; Output ; Info     ; Connected to dangling logic. Logic that only feeds a dangling port will be removed. ;
+-------+--------+----------+-------------------------------------------------------------------------------------+


+-------------------------------------------------------------------------------------------------------------------------+
; Port Connectivity Checks: "SAD:sade"                                                                                    ;
+---------------+--------+----------+-------------------------------------------------------------------------------------+
; Port          ; Type   ; Severity ; Details                                                                             ;
+---------------+--------+----------+-------------------------------------------------------------------------------------+
; sad[31..10]   ; Output ; Info     ; Connected to dangling logic. Logic that only feeds a dangling port will be removed. ;
; ab_addr_watch ; Output ; Info     ; Connected to dangling logic. Logic that only feeds a dangling port will be removed. ;
+---------------+--------+----------+-------------------------------------------------------------------------------------+


+-------------------------------+
; Elapsed Time Per Partition    ;
+----------------+--------------+
; Partition Name ; Elapsed Time ;
+----------------+--------------+
; Top            ; 00:00:01     ;
+----------------+--------------+


+-------------------------------+
; Analysis & Synthesis Messages ;
+-------------------------------+
Info: *******************************************************************
Info: Running Quartus II 64-Bit Analysis & Synthesis
    Info: Version 13.0.1 Build 232 06/12/2013 Service Pack 1 SJ Web Edition
    Info: Processing started: Wed Jun 26 20:08:35 2024
Info: Command: quartus_map --read_settings_files=on --write_settings_files=off Projeto3 -c Projeto3
Warning (20028): Parallel compilation is not licensed and has been disabled
Info (12021): Found 2 design units, including 1 entities, in source file extra/lcd_display_nty.vhd
    Info (12022): Found design unit 1: LCD_DISPLAY_nty-LCD_DISPLAY_arch
    Info (12023): Found entity 1: LCD_DISPLAY_nty
Info (12021): Found 2 design units, including 1 entities, in source file componentes/subtractor.vhd
    Info (12022): Found design unit 1: Subtractor-Behavioral
    Info (12023): Found entity 1: Subtractor
Info (12021): Found 2 design units, including 1 entities, in source file componentes/registerfile.vhd
    Info (12022): Found design unit 1: RegisterFile-Behavioral
    Info (12023): Found entity 1: RegisterFile
Info (12021): Found 2 design units, including 1 entities, in source file componentes/indexregister.vhd
    Info (12022): Found design unit 1: IndexRegister-Behavioral
    Info (12023): Found entity 1: IndexRegister
Info (12021): Found 2 design units, including 1 entities, in source file componentes/dataregister.vhd
    Info (12022): Found design unit 1: DataRegister-Behavioral
    Info (12023): Found entity 1: DataRegister
Info (12021): Found 2 design units, including 1 entities, in source file componentes/datapath.vhd
    Info (12022): Found design unit 1: Datapath-Behavioral
    Info (12023): Found entity 1: Datapath
Info (12021): Found 2 design units, including 1 entities, in source file componentes/customadder.vhd
    Info (12022): Found design unit 1: CustomAdder-Behavioral
    Info (12023): Found entity 1: CustomAdder
Info (12021): Found 2 design units, including 1 entities, in source file componentes/comparator.vhd
    Info (12022): Found design unit 1: Comparator-Behavioral
    Info (12023): Found entity 1: Comparator
Info (12021): Found 2 design units, including 1 entities, in source file componentes/absl.vhd
    Info (12022): Found design unit 1: Absl-Behavioral
    Info (12023): Found entity 1: Absl
Info (12021): Found 2 design units, including 1 entities, in source file controller/controller.vhd
    Info (12022): Found design unit 1: Controller-main
    Info (12023): Found entity 1: Controller
Info (12021): Found 2 design units, including 1 entities, in source file sad.vhd
    Info (12022): Found design unit 1: SAD-main
    Info (12023): Found entity 1: SAD
Info (12021): Found 2 design units, including 1 entities, in source file extra/bcd.vhd
    Info (12022): Found design unit 1: BCD-main
    Info (12023): Found entity 1: BCD
Info (12021): Found 2 design units, including 1 entities, in source file extra/sad_demo.vhd
    Info (12022): Found design unit 1: SAD_demo-main
    Info (12023): Found entity 1: SAD_demo
Info (12021): Found 2 design units, including 1 entities, in source file extra/decod7seg.vhd
    Info (12022): Found design unit 1: decod7seg-main
    Info (12023): Found entity 1: decod7seg
Info (12021): Found 2 design units, including 1 entities, in source file extra/sad_demob.vhd
    Info (12022): Found design unit 1: SAD_demoB-main
    Info (12023): Found entity 1: SAD_demoB
Info (12127): Elaborating entity "SAD_demoB" for the top level hierarchy
Info (12128): Elaborating entity "SAD" for hierarchy "SAD:sade"
Warning (10036): Verilog HDL or VHDL warning at SAD.vhd(64): object "AB_rd_o" assigned a value but never read
Info (12128): Elaborating entity "Controller" for hierarchy "SAD:sade|Controller:CTRL"
Info (12128): Elaborating entity "Datapath" for hierarchy "SAD:sade|Datapath:DP"
Info (12128): Elaborating entity "Subtractor" for hierarchy "SAD:sade|Datapath:DP|Subtractor:Subtractor_inst"
Info (12128): Elaborating entity "Absl" for hierarchy "SAD:sade|Datapath:DP|Absl:Abs_inst"
Info (12128): Elaborating entity "CustomAdder" for hierarchy "SAD:sade|Datapath:DP|CustomAdder:CustomAdder_inst"
Warning (10492): VHDL Process Statement warning at CustomAdder.vhd(21): signal "B_extended" is read inside the Process Statement but isn't in the Process Statement's sensitivity list
Info (12128): Elaborating entity "IndexRegister" for hierarchy "SAD:sade|Datapath:DP|IndexRegister:IndexRegister_inst"
Warning (10492): VHDL Process Statement warning at IndexRegister.vhd(21): signal "increment" is read inside the Process Statement but isn't in the Process Statement's sensitivity list
Info (12128): Elaborating entity "Comparator" for hierarchy "SAD:sade|Datapath:DP|Comparator:Comparator_inst"
Info (12128): Elaborating entity "DataRegister" for hierarchy "SAD:sade|Datapath:DP|DataRegister:CustomAdderRegister_inst"
Info (12128): Elaborating entity "RegisterFile" for hierarchy "SAD:sade|RegisterFile:A_RF"
Warning (10036): Verilog HDL or VHDL warning at RegisterFile.vhd(21): object "RF" assigned a value but never read
Info (12128): Elaborating entity "RegisterFile" for hierarchy "SAD:sade|RegisterFile:B_RF"
Warning (10036): Verilog HDL or VHDL warning at RegisterFile.vhd(21): object "RF" assigned a value but never read
Info (12128): Elaborating entity "LCD_DISPLAY_nty" for hierarchy "LCD_DISPLAY_nty:LCDe"
Warning (10492): VHDL Process Statement warning at LCD_DISPLAY_nty.vhd(118): signal "lcd_display_string_01" is read inside the Process Statement but isn't in the Process Statement's sensitivity list
Warning (10492): VHDL Process Statement warning at LCD_DISPLAY_nty.vhd(118): signal "char_count" is read inside the Process Statement but isn't in the Process Statement's sensitivity list
Warning (10492): VHDL Process Statement warning at LCD_DISPLAY_nty.vhd(121): signal "lcd_display_string_01" is read inside the Process Statement but isn't in the Process Statement's sensitivity list
Warning (10492): VHDL Process Statement warning at LCD_DISPLAY_nty.vhd(121): signal "char_count" is read inside the Process Statement but isn't in the Process Statement's sensitivity list
Warning (10873): Using initial value X (don't care) for net "LCD_CHAR_ARRAY[3..1]" at LCD_DISPLAY_nty.vhd(70)
Info (12128): Elaborating entity "BCD" for hierarchy "BCD:BCDe"
Warning (10492): VHDL Process Statement warning at BCD.vhd(22): signal "tmp_cent" is read inside the Process Statement but isn't in the Process Statement's sensitivity list
Warning (10492): VHDL Process Statement warning at BCD.vhd(23): signal "tmp_cent" is read inside the Process Statement but isn't in the Process Statement's sensitivity list
Warning (10492): VHDL Process Statement warning at BCD.vhd(23): signal "tmp_dez" is read inside the Process Statement but isn't in the Process Statement's sensitivity list
Info (12128): Elaborating entity "decod7seg" for hierarchy "decod7seg:c7s"
Info (278001): Inferred 3 megafunctions from design logic
    Info (278004): Inferred divider/modulo megafunction ("lpm_divide") from the following logic: "BCD:BCDe|Div0"
    Info (278004): Inferred divider/modulo megafunction ("lpm_divide") from the following logic: "BCD:BCDe|Div1"
    Info (278003): Inferred multiplier megafunction ("lpm_mult") from the following logic: "BCD:BCDe|Mult0"
Info (12130): Elaborated megafunction instantiation "BCD:BCDe|lpm_divide:Div0"
Info (12133): Instantiated megafunction "BCD:BCDe|lpm_divide:Div0" with the following parameter:
    Info (12134): Parameter "LPM_WIDTHN" = "10"
    Info (12134): Parameter "LPM_WIDTHD" = "7"
    Info (12134): Parameter "LPM_NREPRESENTATION" = "UNSIGNED"
    Info (12134): Parameter "LPM_DREPRESENTATION" = "UNSIGNED"
Info (12021): Found 1 design units, including 1 entities, in source file db/lpm_divide_dem.tdf
    Info (12023): Found entity 1: lpm_divide_dem
Info (12021): Found 1 design units, including 1 entities, in source file db/sign_div_unsign_nlh.tdf
    Info (12023): Found entity 1: sign_div_unsign_nlh
Info (12021): Found 1 design units, including 1 entities, in source file db/alt_u_div_g2f.tdf
    Info (12023): Found entity 1: alt_u_div_g2f
Info (12021): Found 1 design units, including 1 entities, in source file db/add_sub_lkc.tdf
    Info (12023): Found entity 1: add_sub_lkc
Info (12021): Found 1 design units, including 1 entities, in source file db/add_sub_mkc.tdf
    Info (12023): Found entity 1: add_sub_mkc
Info (12130): Elaborated megafunction instantiation "BCD:BCDe|lpm_divide:Div1"
Info (12133): Instantiated megafunction "BCD:BCDe|lpm_divide:Div1" with the following parameter:
    Info (12134): Parameter "LPM_WIDTHN" = "13"
    Info (12134): Parameter "LPM_WIDTHD" = "5"
    Info (12134): Parameter "LPM_NREPRESENTATION" = "SIGNED"
    Info (12134): Parameter "LPM_DREPRESENTATION" = "SIGNED"
    Info (12134): Parameter "LPM_HINT" = "LPM_REMAINDERPOSITIVE=FALSE"
Info (12021): Found 1 design units, including 1 entities, in source file db/lpm_divide_6so.tdf
    Info (12023): Found entity 1: lpm_divide_6so
Info (12021): Found 1 design units, including 1 entities, in source file db/abs_divider_jbg.tdf
    Info (12023): Found entity 1: abs_divider_jbg
Info (12021): Found 1 design units, including 1 entities, in source file db/alt_u_div_i2f.tdf
    Info (12023): Found entity 1: alt_u_div_i2f
Info (12021): Found 1 design units, including 1 entities, in source file db/lpm_abs_gq9.tdf
    Info (12023): Found entity 1: lpm_abs_gq9
Info (12021): Found 1 design units, including 1 entities, in source file db/lpm_abs_vr9.tdf
    Info (12023): Found entity 1: lpm_abs_vr9
Info (12130): Elaborated megafunction instantiation "BCD:BCDe|lpm_mult:Mult0"
Info (12133): Instantiated megafunction "BCD:BCDe|lpm_mult:Mult0" with the following parameter:
    Info (12134): Parameter "LPM_WIDTHA" = "7"
    Info (12134): Parameter "LPM_WIDTHB" = "4"
    Info (12134): Parameter "LPM_WIDTHP" = "11"
    Info (12134): Parameter "LPM_WIDTHR" = "11"
    Info (12134): Parameter "LPM_WIDTHS" = "1"
    Info (12134): Parameter "LPM_REPRESENTATION" = "UNSIGNED"
    Info (12134): Parameter "INPUT_A_IS_CONSTANT" = "YES"
    Info (12134): Parameter "INPUT_B_IS_CONSTANT" = "NO"
    Info (12134): Parameter "MAXIMIZE_SPEED" = "5"
Info (12131): Elaborated megafunction instantiation "BCD:BCDe|lpm_mult:Mult0|multcore:mult_core", which is child of megafunction instantiation "BCD:BCDe|lpm_mult:Mult0"
Info (12131): Elaborated megafunction instantiation "BCD:BCDe|lpm_mult:Mult0|multcore:mult_core|mpar_add:padder", which is child of megafunction instantiation "BCD:BCDe|lpm_mult:Mult0"
Info (12131): Elaborated megafunction instantiation "BCD:BCDe|lpm_mult:Mult0|altshift:external_latency_ffs", which is child of megafunction instantiation "BCD:BCDe|lpm_mult:Mult0"
Info (13014): Ignored 11 buffer(s)
    Info (13016): Ignored 11 CARRY_SUM buffer(s)
Info (13000): Registers with preset signals will power-up high
Info (13003): DEV_CLRn pin will set, and not reset, register with preset signal due to NOT Gate Push-Back
Warning (13009): TRI or OPNDRN buffers permanently enabled
    Warning (13010): Node "LCD_DISPLAY_nty:LCDe|data_bus[0]"
    Warning (13010): Node "LCD_DISPLAY_nty:LCDe|data_bus[1]"
    Warning (13010): Node "LCD_DISPLAY_nty:LCDe|data_bus[2]"
    Warning (13010): Node "LCD_DISPLAY_nty:LCDe|data_bus[3]"
    Warning (13010): Node "LCD_DISPLAY_nty:LCDe|data_bus[4]"
    Warning (13010): Node "LCD_DISPLAY_nty:LCDe|data_bus[5]"
    Warning (13010): Node "LCD_DISPLAY_nty:LCDe|data_bus[6]"
    Warning (13010): Node "LCD_DISPLAY_nty:LCDe|data_bus[7]"
Warning (13024): Output pins are stuck at VCC or GND
    Warning (13410): Pin "lcd_on" is stuck at VCC
    Warning (13410): Pin "lcd_rw" is stuck at GND
    Warning (13410): Pin "lcd_blon" is stuck at VCC
Info (17049): 23 registers lost all their fanouts during netlist optimizations.
Info (16010): Generating hard_block partition "hard_block:auto_generated_inst"
    Info (16011): Adding 0 node(s), including 0 DDIO, 0 PLL, 0 transceiver and 0 LCELL
Info (21057): Implemented 445 device resources after synthesis - the final resource count might be different
    Info (21058): Implemented 4 input pins
    Info (21059): Implemented 29 output pins
    Info (21060): Implemented 8 bidirectional pins
    Info (21061): Implemented 404 logic cells
Info: Quartus II 64-Bit Analysis & Synthesis was successful. 0 errors, 27 warnings
    Info: Peak virtual memory: 4646 megabytes
    Info: Processing ended: Wed Jun 26 20:08:38 2024
    Info: Elapsed time: 00:00:03
    Info: Total CPU time (on all processors): 00:00:00


